
  🪔  Lantern
  Pure-Go Filecoin light node
  no CGo, no 76 GB snapshot, no third-party trust


▸ Preflight
    ✓ Detected darwin/arm64
    ✓ Tools: curl, tar, shasum/sha256sum available
    ✓ Data directory: /tmp/lantern-installer-evidence

▸ Download Lantern binary
    · Fetching https://github.com/Reiers/lantern/releases/latest/download/lantern-darwin-arm64
curl: (56) The requested URL returned error: 404
    ⚠  Binary not yet published at https://github.com/Reiers/lantern/releases/latest/download/lantern-darwin-arm64 (HTTP 404000)
    · Falling back to local source build (requires Go 1.25+)
    · Building from /Users/reiers/.openclaw/workspace/projects/lantern
    ✓ Built and installed to /tmp/lantern-installer-evidence/lantern
    · Need sudo to write /tmp/lantern-installer-evidence/bin/lantern
sudo: a terminal is required to read the password; either use the -S option to read from standard input or configure an askpass helper
sudo: a password is required
    ⚠  Could not create /tmp/lantern-installer-evidence/bin/lantern. Add /tmp/lantern-installer-evidence to PATH or run with sudo.

▸ Trust bootstrap — multi-source quorum
    · This runs once. Asking 5+ independent sources for the current
    · F3-finalized chain head; refuses to continue if they disagree.

  🪔  Lantern setup
      Pure-Go Filecoin light node

  Data directory: /tmp/lantern-installer-evidence

▸ Bootstrap quorum — establishing chain head from independent sources
    Required agreement: 5 sources, timeout 1m0s
    libp2p host: starting...
    libp2p host: peer=12D3KooWMzsTSoh2... (3 connections)
    10 sources assembled (libp2p=7, forest=2, user=0, gateway=1)
  ✓ [libp2p] libp2p:12D3KooWHQRSDFv4FvAjtU32shQ7znz7oRbLBryXzZ9NMK2feyyH — instance=466453 epoch=5824156 tsk=[bafy2bzace...hbc,...×1] state=bafy2bzace...ciy (92ms)
  ✗ [lantern-gateway] lantern-gateway:https://gateway.lantern.reiers.io — rpc https://gateway.lantern.reiers.io: HTTP 404: 404 page not found
 (124ms)
  ✗ [libp2p] libp2p:12D3KooWKKkCZbcigsWTEu1cgNetNbZJqeNtysRtFpq7DTqw3eqH — certexch query head: failed to negotiate protocol: connection closed (remote): c... (555ms)
  ✓ [libp2p] libp2p:12D3KooWGnkd9GQKo3apkShQDaq1d6cKJJmsVe6KiQkacUk1T8oZ — instance=466453 epoch=5824156 tsk=[bafy2bzace...hbc,...×1] state=bafy2bzace...ciy (572ms)
  ✓ [libp2p] libp2p:12D3KooWBF8cpp65hp2u9LK5mh19x67ftAam84z9LsfaquTDSBpt — instance=466453 epoch=5824156 tsk=[bafy2bzace...hbc,...×1] state=bafy2bzace...ciy (622ms)
  ✓ [forest] forest:https://api.node.glif.io/rpc/v1 — instance=466453 epoch=5824156 tsk=[bafy2bzace...hbc,...×1] state=bafy2bzace...ciy (851ms)
  ✓ [forest] forest:https://api.chain.love/rpc/v1 — instance=466453 epoch=5824156 tsk=[bafy2bzace...hbc,...×1] state=bafy2bzace...ciy (1.068s)
  ✗ [libp2p] libp2p:QmQu8C6deXwKvJP2D8B6QGyhngc3ZiDnFzEHBDx8yeBXST — certexch query head: failed to dial: context canceled (1.068s)
  ✗ [libp2p] libp2p:12D3KooWAke3M2ji7tGNKx3BQkTHCyxVhtV1CN68z6Fkrpmfr37F — certexch query head: failed to dial: context canceled (1.068s)
  ✗ [libp2p] libp2p:12D3KooWAke3M2ji7tGNKx3BQkTHCyxVhtV1CN68z6Fkrpmfr37F — certexch query head: failed to dial: context canceled (1.068s)

✓ Quorum reached (5/5 agree): instance=466453 epoch=5824156 tsk=[bafy2bzace...hbc,...×1] state=bafy2bzace...ciy
  Elapsed: 1.068442333s, sources counted: 5/10
  Per-source:
    ✓ [libp2p] libp2p:12D3KooWHQRSDFv4FvAjtU32shQ7znz7oRbLBryXzZ9NMK2feyyH — instance=466453 epoch=5824156 tsk=[bafy2bzace...hbc,...×1] state=bafy2bzace...ciy (92ms)
    ✗ [lantern-gateway] lantern-gateway:https://gateway.lantern.reiers.io — rpc https://gateway.lantern.reiers.io: HTTP 404: 404 page not found
 (124ms)
    ✗ [libp2p] libp2p:12D3KooWKKkCZbcigsWTEu1cgNetNbZJqeNtysRtFpq7DTqw3eqH — certexch query head: failed to negotiate protocol: connection closed (remote): code: 0x0: transport error: remote sent go away, code: 0 (555ms)
    ✓ [libp2p] libp2p:12D3KooWGnkd9GQKo3apkShQDaq1d6cKJJmsVe6KiQkacUk1T8oZ — instance=466453 epoch=5824156 tsk=[bafy2bzace...hbc,...×1] state=bafy2bzace...ciy (572ms)
    ✓ [libp2p] libp2p:12D3KooWBF8cpp65hp2u9LK5mh19x67ftAam84z9LsfaquTDSBpt — instance=466453 epoch=5824156 tsk=[bafy2bzace...hbc,...×1] state=bafy2bzace...ciy (622ms)
    ✓ [forest] forest:https://api.node.glif.io/rpc/v1 — instance=466453 epoch=5824156 tsk=[bafy2bzace...hbc,...×1] state=bafy2bzace...ciy (851ms)
    ✓ [forest] forest:https://api.chain.love/rpc/v1 — instance=466453 epoch=5824156 tsk=[bafy2bzace...hbc,...×1] state=bafy2bzace...ciy (1.068s)
    ✗ [libp2p] libp2p:QmQu8C6deXwKvJP2D8B6QGyhngc3ZiDnFzEHBDx8yeBXST — certexch query head: failed to dial: context canceled (1.068s)
    ✗ [libp2p] libp2p:12D3KooWAke3M2ji7tGNKx3BQkTHCyxVhtV1CN68z6Fkrpmfr37F — certexch query head: failed to dial: context canceled (1.068s)
    ✗ [libp2p] libp2p:12D3KooWAke3M2ji7tGNKx3BQkTHCyxVhtV1CN68z6Fkrpmfr37F — certexch query head: failed to dial: context canceled (1.068s)
    ✓ Trust anchor written: /tmp/lantern-installer-evidence/bootstrap-anchor.json

▸ Wallet + JWT setup
    ✓ JWT secret + auth tokens minted under /tmp/lantern-installer-evidence
      (admin: ./token, sign: ./token-sign, write: ./token-write, read: ./token-read)
    · Skipping wallet creation (--no-wallet).

✓ Lantern initialised.

Next steps:
  lantern daemon                          # start RPC server
  lantern info                            # FULLNODE_API_INFO
  lantern doctor                          # re-run quorum probe

▸ Wallet
f3s35ijvfiv7fnv2lipsb4s27cepydlewjbfombug63s4dv4dr64qf6sc622hhgmy4unui7mb7hvv5vxr7m5zq
    ✓ Wallet created
    · LANTERN_NO_SERVICE=1 set; skipping OS service installation

▸ Done

  ✓ Lantern is installed.

  Status:        lantern info
  Chain head:    lantern chain head
  Service:       lantern service status
  Refresh trust: lantern repair

  Connect Curio / Boost:
    export FULLNODE_API_INFO='eyJhbGciOiJIUzI1NiIsInR5cCI6IkpXVCJ9.eyJBbGxvdyI6WyJyZWFkIiwid3JpdGUiLCJzaWduIiwiYWRtaW4iXX0.onduOaGJNGrgaf4VXQBAZSiLkBGam-6navk1sVvTErw:/ip4/127.0.0.1/tcp/1234/http'

  "The lighter the node, the brighter the chain."

  Lantern home: /tmp/lantern-installer-evidence
  Logs:         tail -f /tmp/lantern-installer-evidence/lantern.log

